2017-10-22 13:29:33: Connected to \\DAR-DOCKER-04\docker\homeassistant: //DAR-DOCKER-04/docker NTFS: type=NTFS vol=docker flags=1006F
2017-10-22 13:29:33: Connected to \\dar-dc-01\Backups\Docker\dar-docker-04: //dar-dc-01/Backups NTFS: type=NTFS vol=DrivePool flags=8500DF
2017-10-22 13:29:33: -- Analysis Started by Periodic Timer, Under Runner
2017-10-22 13:29:33: docker-04 config: ANALYSIS started by Periodic Timer, Under Runner on 'DAR-PC-02' (GoodSync 10.6.1.5)
2017-10-22 13:29:33: \\DAR-DOCKER-04\docker\homeassistant (//DAR-DOCKER-04/docker/homeassistant) [TmpDest] =PropDels=> \\dar-dc-01\Backups\Docker\dar-docker-04 (//dar-dc-01/Backups/Docker/dar-docker-04) [TmpDest], SavePrevVers, CleanupPrevVers=30d, LinksCopy, ReconnectSecs=120, CopyCreateTime, CopyAttrs
2017-10-22 13:29:33: Exclude name *._gstmp|/System Volume Information|Thumbs.db|.DS_Store 
2017-10-22 13:29:33: Locking folder //DAR-DOCKER-04/docker/homeassistant for write
2017-10-22 13:29:33: Give up on SetFileOwner: file=//DAR-DOCKER-04/docker/homeassistant/_gsdata_/lock.gsl smb=1 m_sSystemUserId=DAR-PC-02\Admin error=WinFileSys::SetFileOwnerIfYouCan: This security ID may not be assigned as the owner of this object.  (error 1307)
2017-10-22 13:29:33: L: Reading State File //DAR-DOCKER-04/docker/homeassistant/_gsdata_/_file_state_v4._gs
2017-10-22 13:29:40: L: Files: 1235 (excluded 0). Folders: 312 (excluded 1). Times (s): Folder Scan: 7.217 (214 f/s), Compare: 0.000 ross //DAR-DOCKER-04/docker NTFS Free: 141 GB, Total: 224 GB
2017-10-22 13:29:40: Locking folder //dar-dc-01/Backups/Docker/dar-docker-04 for write
2017-10-22 13:29:40: R: Reading State File //dar-dc-01/Backups/Docker/dar-docker-04/_gsdata_/_file_state_v4._gs
2017-10-22 13:29:41: R: Files: 1233 (excluded 0). Folders: 312 (excluded 1). Times (s): Folder Scan: 0.627 (2465 f/s), Compare: 0.000 administrator //dar-dc-01/Backups NTFS Free: 8.03 TB, Total: 17.2 TB
2017-10-22 13:29:41: On disk smb://DAR-DOCKER-04/docker space required for sync is 0 bytes, you have 141 GB
2017-10-22 13:29:41: On disk smb://dar-dc-01/Backups space required for sync is 8.46 GB, you have 8.03 TB
2017-10-22 13:29:41: Changes: 9, Conflicts: 0, CopyTime: 0, FixState: 0, Errors: 0, All: 1566
2017-10-22 13:29:41: Left to Right: Copy File: 9 
2017-10-22 13:29:41: -- Analysis Complete. Time 00:00:10, Speed: 154 files/s
2017-10-22 13:29:41: == Sync Started by Periodic Timer, Under Runner
2017-10-22 13:29:41: docker-04 config: SYNC started by Periodic Timer, Under Runner on 'DAR-PC-02'
2017-10-22 13:29:41: \\DAR-DOCKER-04\docker\homeassistant (//DAR-DOCKER-04/docker/homeassistant) [TmpDest] =PropDels=> \\dar-dc-01\Backups\Docker\dar-docker-04 (//dar-dc-01/Backups/Docker/dar-docker-04) [TmpDest], SavePrevVers, CleanupPrevVers=30d, LinksCopy, ReconnectSecs=120, CopyCreateTime, CopyAttrs
2017-10-22 13:29:41: Load Recycled DB: //dar-dc-01/Backups/Docker/dar-docker-04/_gsdata_/_recycled_db._gs
2017-10-22 13:29:41: Copy Over '//DAR-DOCKER-04/docker/homeassistant/.ios.conf' -> '//dar-dc-01/Backups/Docker/dar-docker-04/.ios.conf'
2017-10-22 13:29:41: Copy Over '//DAR-DOCKER-04/docker/homeassistant/.monzo-token-cache' -> '//dar-dc-01/Backups/Docker/dar-docker-04/.monzo-token-cache'
2017-10-22 13:29:41: Copy Over '//DAR-DOCKER-04/docker/homeassistant/.ring_cache.pickle' -> '//dar-dc-01/Backups/Docker/dar-docker-04/.ring_cache.pickle'
2017-10-22 13:30:35: //DAR-DOCKER-04/docker/homeassistant/home-assistant.log: Source file has changed between Analyze and Sync from '[file] size=670307403 accu-time=2017-10-22 13:29:28 attr=Archive' to 'size=670307731 time=2017-10-22 13:29:37', noted in source file state
2017-10-22 13:30:35: Copy Over '//DAR-DOCKER-04/docker/homeassistant/home-assistant.log' -> '//dar-dc-01/Backups/Docker/dar-docker-04/home-assistant.log'
2017-10-22 13:42:18: //DAR-DOCKER-04/docker/homeassistant/home-assistant_v2.db: Source file has changed between Analyze and Sync from '[file] size=7436053504 accu-time=2017-10-22 13:29:31 attr=' to 'size=7436053504 time=2017-10-22 13:30:33', noted in source file state
2017-10-22 13:42:18: Copy Over '//DAR-DOCKER-04/docker/homeassistant/home-assistant_v2.db' -> '//dar-dc-01/Backups/Docker/dar-docker-04/home-assistant_v2.db'
2017-10-22 13:42:18: //DAR-DOCKER-04/docker/homeassistant/home-assistant_v2.db-shm: Source file has changed between Analyze and Sync from '[file] size=32768 accu-time=2017-10-22 13:29:31 attr=' to 'size=32768 time=2017-10-22 13:42:16', noted in source file state
2017-10-22 13:42:18: Copy New '//DAR-DOCKER-04/docker/homeassistant/home-assistant_v2.db-shm' -> '//dar-dc-01/Backups/Docker/dar-docker-04/home-assistant_v2.db-shm'
2017-10-22 13:42:18: //DAR-DOCKER-04/docker/homeassistant/home-assistant_v2.db-wal: Source file has changed between Analyze and Sync from '[file] size=9464 accu-time=2017-10-22 13:29:31 attr=' to 'size=32 time=2017-10-22 13:42:16', noted in source file state
2017-10-22 13:42:18: Copy New '//DAR-DOCKER-04/docker/homeassistant/home-assistant_v2.db-wal' -> '//dar-dc-01/Backups/Docker/dar-docker-04/home-assistant_v2.db-wal'
2017-10-22 13:42:18: //DAR-DOCKER-04/docker/homeassistant/icloud/applethedarganscouk: Source file has changed between Analyze and Sync from '[file] size=488 accu-time=2017-10-22 13:28:57 attr=Archive' to 'size=488 time=2017-10-22 13:41:58', noted in source file state
2017-10-22 13:42:18: Copy Over '//DAR-DOCKER-04/docker/homeassistant/icloud/applethedarganscouk' -> '//dar-dc-01/Backups/Docker/dar-docker-04/icloud/applethedarganscouk'
2017-10-22 13:42:18: Close Modified Folder (mod-time, acl): /icloud
2017-10-22 13:44:03: //DAR-DOCKER-04/docker/homeassistant/OZW_Log.txt: Source file has changed between Analyze and Sync from '[file] size=988034243 accu-time=2017-10-22 13:29:30 attr=' to 'size=988295067 time=2017-10-22 13:42:15', noted in source file state
2017-10-22 13:44:03: Copy Over '//DAR-DOCKER-04/docker/homeassistant/OZW_Log.txt' -> '//dar-dc-01/Backups/Docker/dar-docker-04/OZW_Log.txt'
2017-10-22 13:44:03: Save State File //DAR-DOCKER-04/docker/homeassistant/_gsdata_/_file_state_v4._gs
2017-10-22 13:44:03: Save State File //dar-dc-01/Backups/Docker/dar-docker-04/_gsdata_/_file_state_v4._gs
2017-10-22 13:44:03: Cleanup recycled files in //DAR-DOCKER-04/docker/homeassistant/_gsdata_/_saved_
2017-10-22 13:44:04: Deleted old log file C:/Users/Admin/AppData/Roaming/GoodSync/_mirrors_/smb-ross@DAR-DOCKER-04-docker-homeassistant/2017-1015-215415-DAR-PC-02-Runner-docker-04 config.log
2017-10-22 13:44:04: Deleted old log file C:/Users/Admin/AppData/Roaming/GoodSync/_mirrors_/smb-ross@DAR-DOCKER-04-docker-homeassistant/2017-1016-040617-DAR-PC-02-Runner-docker-04 config.log
2017-10-22 13:44:04: Deleted old log file C:/Users/Admin/AppData/Roaming/GoodSync/_mirrors_/smb-ross@DAR-DOCKER-04-docker-homeassistant/2017-1016-101238-DAR-PC-02-Runner-docker-04 config.log
2017-10-22 13:44:04: Cleanup old logs in //DAR-DOCKER-04/docker/homeassistant/_gsdata_
2017-10-22 13:44:04: Delete log file //DAR-DOCKER-04/docker/homeassistant/_gsdata_/2017-1015-215415-DAR-PC-02-Runner-docker-04 config.log
2017-10-22 13:44:04: Delete log file //DAR-DOCKER-04/docker/homeassistant/_gsdata_/2017-1016-101238-DAR-PC-02-Runner-docker-04 config.log
2017-10-22 13:44:04: Delete log file //DAR-DOCKER-04/docker/homeassistant/_gsdata_/2017-1016-040617-DAR-PC-02-Runner-docker-04 config.log
2017-10-22 13:44:04: Delete log file //DAR-DOCKER-04/docker/homeassistant/_gsdata_/2017-1015-153806-DAR-PC-02-Runner-docker-04 config.log
2017-10-22 13:44:04: Cleanup recycled files in //dar-dc-01/Backups/Docker/dar-docker-04/_gsdata_/_saved_
2017-10-22 13:44:04: Save Recycled DB: //dar-dc-01/Backups/Docker/dar-docker-04/_gsdata_/_recycled_db._gs
2017-10-22 13:44:04: Deleted old log file C:/Users/Admin/AppData/Roaming/GoodSync/_mirrors_/smb-administrator@dar-dc-01-Backups-Docker-dar-docker-04/2017-1015-215415-DAR-PC-02-Runner-docker-04 config.log
2017-10-22 13:44:04: Deleted old log file C:/Users/Admin/AppData/Roaming/GoodSync/_mirrors_/smb-administrator@dar-dc-01-Backups-Docker-dar-docker-04/2017-1016-040617-DAR-PC-02-Runner-docker-04 config.log
2017-10-22 13:44:04: Deleted old log file C:/Users/Admin/AppData/Roaming/GoodSync/_mirrors_/smb-administrator@dar-dc-01-Backups-Docker-dar-docker-04/2017-1016-101238-DAR-PC-02-Runner-docker-04 config.log
2017-10-22 13:44:04: Cleanup old logs in //dar-dc-01/Backups/Docker/dar-docker-04/_gsdata_
2017-10-22 13:44:04: Delete log file //dar-dc-01/Backups/Docker/dar-docker-04/_gsdata_/2017-1015-153806-DAR-PC-02-Runner-docker-04 config.log
2017-10-22 13:44:04: Delete log file //dar-dc-01/Backups/Docker/dar-docker-04/_gsdata_/2017-1015-215415-DAR-PC-02-Runner-docker-04 config.log
2017-10-22 13:44:04: Delete log file //dar-dc-01/Backups/Docker/dar-docker-04/_gsdata_/2017-1016-040617-DAR-PC-02-Runner-docker-04 config.log
2017-10-22 13:44:04: Delete log file //dar-dc-01/Backups/Docker/dar-docker-04/_gsdata_/2017-1016-101238-DAR-PC-02-Runner-docker-04 config.log
2017-10-22 13:44:04: == Sync Complete. Time: 00:14:23, Speed: 10.0 MB/s, OK: 9, Errors: 0
2017-10-22 13:44:04: Unlocking folder //DAR-DOCKER-04/docker/homeassistant/_gsdata_/lock.gsl
2017-10-22 13:44:04: Unlocking folder //dar-dc-01/Backups/Docker/dar-docker-04/_gsdata_/lock.gsl
2017-10-22 13:44:04: 
