2017-10-21 12:47:06: Connected to \\DAR-DOCKER-04\docker\homeassistant: //DAR-DOCKER-04/docker NTFS: type=NTFS vol=docker flags=1006F
2017-10-21 12:47:06: Connected to \\dar-dc-01\Backups\Docker\dar-docker-04: //dar-dc-01/Backups NTFS: type=NTFS vol=DrivePool flags=8500DF
2017-10-21 12:47:06: -- Analysis Started by Periodic Timer, Under Runner
2017-10-21 12:47:06: docker-04 config: ANALYSIS started by Periodic Timer, Under Runner on 'DAR-PC-02' (GoodSync 10.6.1.5)
2017-10-21 12:47:06: \\DAR-DOCKER-04\docker\homeassistant (//DAR-DOCKER-04/docker/homeassistant) [TmpDest] =PropDels=> \\dar-dc-01\Backups\Docker\dar-docker-04 (//dar-dc-01/Backups/Docker/dar-docker-04) [TmpDest], SavePrevVers, CleanupPrevVers=30d, LinksCopy, ReconnectSecs=120, CopyCreateTime, CopyAttrs
2017-10-21 12:47:06: Exclude name *._gstmp|/System Volume Information|Thumbs.db|.DS_Store 
2017-10-21 12:47:06: Locking folder //DAR-DOCKER-04/docker/homeassistant for write
2017-10-21 12:47:06: Give up on SetFileOwner: file=//DAR-DOCKER-04/docker/homeassistant/_gsdata_/lock.gsl smb=1 m_sSystemUserId=DAR-PC-02\Admin error=WinFileSys::SetFileOwnerIfYouCan: This security ID may not be assigned as the owner of this object.  (error 1307)
2017-10-21 12:47:06: L: Reading State File //DAR-DOCKER-04/docker/homeassistant/_gsdata_/_file_state_v4._gs
2017-10-21 12:47:07: L: Files: 1233 (excluded 0). Folders: 312 (excluded 1). Times (s): Folder Scan: 0.966 (1600 f/s), Compare: 0.004 ross //DAR-DOCKER-04/docker NTFS Free: 141 GB, Total: 224 GB
2017-10-21 12:47:07: Locking folder //dar-dc-01/Backups/Docker/dar-docker-04 for write
2017-10-21 12:47:07: R: Reading State File //dar-dc-01/Backups/Docker/dar-docker-04/_gsdata_/_file_state_v4._gs
2017-10-21 12:47:08: R: Files: 1233 (excluded 0). Folders: 312 (excluded 1). Times (s): Folder Scan: 1.527 (1012 f/s), Compare: 0.004 administrator //dar-dc-01/Backups NTFS Free: 8.03 TB, Total: 17.2 TB
2017-10-21 12:47:08: On disk smb://DAR-DOCKER-04/docker space required for sync is 0 bytes, you have 141 GB
2017-10-21 12:47:08: On disk smb://dar-dc-01/Backups space required for sync is 8.43 GB, you have 8.03 TB
2017-10-21 12:47:08: Changes: 7, Conflicts: 0, CopyTime: 0, FixState: 0, Errors: 0, All: 1566
2017-10-21 12:47:08: Left to Right: Copy File: 7 
2017-10-21 12:47:08: -- Analysis Complete. Time 00:00:04, Speed: 386 files/s
2017-10-21 12:47:08: == Sync Started by Periodic Timer, Under Runner
2017-10-21 12:47:08: docker-04 config: SYNC started by Periodic Timer, Under Runner on 'DAR-PC-02'
2017-10-21 12:47:08: \\DAR-DOCKER-04\docker\homeassistant (//DAR-DOCKER-04/docker/homeassistant) [TmpDest] =PropDels=> \\dar-dc-01\Backups\Docker\dar-docker-04 (//dar-dc-01/Backups/Docker/dar-docker-04) [TmpDest], SavePrevVers, CleanupPrevVers=30d, LinksCopy, ReconnectSecs=120, CopyCreateTime, CopyAttrs
2017-10-21 12:47:08: Load Recycled DB: //dar-dc-01/Backups/Docker/dar-docker-04/_gsdata_/_recycled_db._gs
2017-10-21 12:47:08: Copy Over '//DAR-DOCKER-04/docker/homeassistant/.ios.conf' -> '//dar-dc-01/Backups/Docker/dar-docker-04/.ios.conf'
2017-10-21 12:47:09: Copy Over '//DAR-DOCKER-04/docker/homeassistant/.monzo-token-cache' -> '//dar-dc-01/Backups/Docker/dar-docker-04/.monzo-token-cache'
2017-10-21 12:47:09: Copy Over '//DAR-DOCKER-04/docker/homeassistant/.ring_cache.pickle' -> '//dar-dc-01/Backups/Docker/dar-docker-04/.ring_cache.pickle'
2017-10-21 12:47:48: //DAR-DOCKER-04/docker/homeassistant/home-assistant.log: Source file has changed between Analyze and Sync from '[file] size=662877879 accu-time=2017-10-21 12:46:54 attr=Archive' to 'size=662878207 time=2017-10-21 12:47:05', noted in source file state
2017-10-21 12:47:48: Copy Over '//DAR-DOCKER-04/docker/homeassistant/home-assistant.log' -> '//dar-dc-01/Backups/Docker/dar-docker-04/home-assistant.log'
2017-10-21 12:59:00: //DAR-DOCKER-04/docker/homeassistant/home-assistant_v2.db: Source file has changed between Analyze and Sync from '[file] size=7436053504 accu-time=2017-10-21 12:47:04 attr=' to 'size=7436053504 time=2017-10-21 12:47:47', noted in source file state
2017-10-21 12:59:00: Copy Over '//DAR-DOCKER-04/docker/homeassistant/home-assistant_v2.db' -> '//dar-dc-01/Backups/Docker/dar-docker-04/home-assistant_v2.db'
2017-10-21 12:59:00: //DAR-DOCKER-04/docker/homeassistant/icloud/applethedarganscouk: Source file has changed between Analyze and Sync from '[file] size=488 accu-time=2017-10-21 12:46:58 attr=Archive' to 'size=488 time=2017-10-21 12:58:57', noted in source file state
2017-10-21 12:59:00: Copy Over '//DAR-DOCKER-04/docker/homeassistant/icloud/applethedarganscouk' -> '//dar-dc-01/Backups/Docker/dar-docker-04/icloud/applethedarganscouk'
2017-10-21 12:59:00: Close Modified Folder (mod-time, acl): /icloud
2017-10-21 13:00:40: //DAR-DOCKER-04/docker/homeassistant/OZW_Log.txt: Source file has changed between Analyze and Sync from '[file] size=958117362 accu-time=2017-10-21 12:47:02 attr=' to 'size=958356732 time=2017-10-21 12:58:56', noted in source file state
2017-10-21 13:00:40: Copy Over '//DAR-DOCKER-04/docker/homeassistant/OZW_Log.txt' -> '//dar-dc-01/Backups/Docker/dar-docker-04/OZW_Log.txt'
2017-10-21 13:00:40: Save State File //DAR-DOCKER-04/docker/homeassistant/_gsdata_/_file_state_v4._gs
2017-10-21 13:00:40: Save State File //dar-dc-01/Backups/Docker/dar-docker-04/_gsdata_/_file_state_v4._gs
2017-10-21 13:00:40: Cleanup recycled files in //DAR-DOCKER-04/docker/homeassistant/_gsdata_/_saved_
2017-10-21 13:00:40: Deleted old log file C:/Users/Admin/AppData/Roaming/GoodSync/_mirrors_/smb-ross@DAR-DOCKER-04-docker-homeassistant/2017-1014-150358-DAR-PC-02-Runner-docker-04 config.log
2017-10-21 13:00:40: Deleted old log file C:/Users/Admin/AppData/Roaming/GoodSync/_mirrors_/smb-ross@DAR-DOCKER-04-docker-homeassistant/2017-1014-211037-DAR-PC-02-Runner-docker-04 config.log
2017-10-21 13:00:40: Deleted old log file C:/Users/Admin/AppData/Roaming/GoodSync/_mirrors_/smb-ross@DAR-DOCKER-04-docker-homeassistant/2017-1015-031634-DAR-PC-02-Runner-docker-04 config.log
2017-10-21 13:00:40: Deleted old log file C:/Users/Admin/AppData/Roaming/GoodSync/_mirrors_/smb-ross@DAR-DOCKER-04-docker-homeassistant/2017-1015-092325-DAR-PC-02-Runner-docker-04 config.log
2017-10-21 13:00:40: Cleanup old logs in //DAR-DOCKER-04/docker/homeassistant/_gsdata_
2017-10-21 13:00:40: Delete log file //DAR-DOCKER-04/docker/homeassistant/_gsdata_/2017-1014-211037-DAR-PC-02-Runner-docker-04 config.log
2017-10-21 13:00:40: Delete log file //DAR-DOCKER-04/docker/homeassistant/_gsdata_/2017-1015-031634-DAR-PC-02-Runner-docker-04 config.log
2017-10-21 13:00:40: Delete log file //DAR-DOCKER-04/docker/homeassistant/_gsdata_/2017-1014-150358-DAR-PC-02-Runner-docker-04 config.log
2017-10-21 13:00:40: Delete log file //DAR-DOCKER-04/docker/homeassistant/_gsdata_/2017-1015-092325-DAR-PC-02-Runner-docker-04 config.log
2017-10-21 13:00:40: Cleanup recycled files in //dar-dc-01/Backups/Docker/dar-docker-04/_gsdata_/_saved_
2017-10-21 13:00:40: Save Recycled DB: //dar-dc-01/Backups/Docker/dar-docker-04/_gsdata_/_recycled_db._gs
2017-10-21 13:00:40: Deleted old log file C:/Users/Admin/AppData/Roaming/GoodSync/_mirrors_/smb-administrator@dar-dc-01-Backups-Docker-dar-docker-04/2017-1014-150358-DAR-PC-02-Runner-docker-04 config.log
2017-10-21 13:00:40: Deleted old log file C:/Users/Admin/AppData/Roaming/GoodSync/_mirrors_/smb-administrator@dar-dc-01-Backups-Docker-dar-docker-04/2017-1014-211037-DAR-PC-02-Runner-docker-04 config.log
2017-10-21 13:00:40: Deleted old log file C:/Users/Admin/AppData/Roaming/GoodSync/_mirrors_/smb-administrator@dar-dc-01-Backups-Docker-dar-docker-04/2017-1015-031634-DAR-PC-02-Runner-docker-04 config.log
2017-10-21 13:00:40: Deleted old log file C:/Users/Admin/AppData/Roaming/GoodSync/_mirrors_/smb-administrator@dar-dc-01-Backups-Docker-dar-docker-04/2017-1015-092325-DAR-PC-02-Runner-docker-04 config.log
2017-10-21 13:00:40: Cleanup old logs in //dar-dc-01/Backups/Docker/dar-docker-04/_gsdata_
2017-10-21 13:00:40: Delete log file //dar-dc-01/Backups/Docker/dar-docker-04/_gsdata_/2017-1014-150358-DAR-PC-02-Runner-docker-04 config.log
2017-10-21 13:00:40: Delete log file //dar-dc-01/Backups/Docker/dar-docker-04/_gsdata_/2017-1014-211037-DAR-PC-02-Runner-docker-04 config.log
2017-10-21 13:00:40: Delete log file //dar-dc-01/Backups/Docker/dar-docker-04/_gsdata_/2017-1015-031634-DAR-PC-02-Runner-docker-04 config.log
2017-10-21 13:00:40: Delete log file //dar-dc-01/Backups/Docker/dar-docker-04/_gsdata_/2017-1015-092325-DAR-PC-02-Runner-docker-04 config.log
2017-10-21 13:00:40: == Sync Complete. Time: 00:13:32, Speed: 10.6 MB/s, OK: 7, Errors: 0
2017-10-21 13:00:40: Unlocking folder //DAR-DOCKER-04/docker/homeassistant/_gsdata_/lock.gsl
2017-10-21 13:00:40: Unlocking folder //dar-dc-01/Backups/Docker/dar-docker-04/_gsdata_/lock.gsl
2017-10-21 13:00:40: 
