2017-10-24 22:10:01: Connected to \\DAR-DOCKER-04\docker\homeassistant: //DAR-DOCKER-04/docker NTFS: type=NTFS vol=docker flags=1006F
2017-10-24 22:10:01: Connected to \\dar-dc-01\Backups\Docker\dar-docker-04: //dar-dc-01/Backups NTFS: type=NTFS vol=DrivePool flags=8500DF
2017-10-24 22:10:01: -- Analysis Started by Periodic Timer, Under Runner
2017-10-24 22:10:01: docker-04 config: ANALYSIS started by Periodic Timer, Under Runner on 'DAR-PC-02' (GoodSync 10.6.1.5)
2017-10-24 22:10:01: \\DAR-DOCKER-04\docker\homeassistant (//DAR-DOCKER-04/docker/homeassistant) [TmpDest] =PropDels=> \\dar-dc-01\Backups\Docker\dar-docker-04 (//dar-dc-01/Backups/Docker/dar-docker-04) [TmpDest], SavePrevVers, CleanupPrevVers=30d, LinksCopy, ReconnectSecs=120, CopyCreateTime, CopyAttrs
2017-10-24 22:10:01: Exclude name *._gstmp|/System Volume Information|Thumbs.db|.DS_Store 
2017-10-24 22:10:01: Locking folder //DAR-DOCKER-04/docker/homeassistant for write
2017-10-24 22:10:01: Give up on SetFileOwner: file=//DAR-DOCKER-04/docker/homeassistant/_gsdata_/lock.gsl smb=1 m_sSystemUserId=DAR-PC-02\Admin error=WinFileSys::SetFileOwnerIfYouCan: This security ID may not be assigned as the owner of this object.  (error 1307)
2017-10-24 22:10:01: L: Reading State File //DAR-DOCKER-04/docker/homeassistant/_gsdata_/_file_state_v4._gs
2017-10-24 22:10:01: L: Files: 1233 (excluded 0). Folders: 312 (excluded 1). Times (s): Folder Scan: 0.904 (1710 f/s), Compare: 0.005 ross //DAR-DOCKER-04/docker NTFS Free: 140 GB, Total: 224 GB
2017-10-24 22:10:01: Locking folder //dar-dc-01/Backups/Docker/dar-docker-04 for write
2017-10-24 22:10:01: R: Reading State File //dar-dc-01/Backups/Docker/dar-docker-04/_gsdata_/_file_state_v4._gs
2017-10-24 22:10:02: R: Files: 1233 (excluded 0). Folders: 312 (excluded 1). Times (s): Folder Scan: 0.636 (2430 f/s), Compare: 0.004 administrator //dar-dc-01/Backups NTFS Free: 8.00 TB, Total: 17.2 TB
2017-10-24 22:10:02: On disk smb://DAR-DOCKER-04/docker space required for sync is 0 bytes, you have 140 GB
2017-10-24 22:10:02: On disk smb://dar-dc-01/Backups space required for sync is 8.54 GB, you have 8.00 TB
2017-10-24 22:10:02: Changes: 7, Conflicts: 0, CopyTime: 0, FixState: 0, Errors: 0, All: 1566
2017-10-24 22:10:02: Left to Right: Copy File: 7 
2017-10-24 22:10:02: -- Analysis Complete. Time 00:00:03, Speed: 515 files/s
2017-10-24 22:10:02: == Sync Started by Periodic Timer, Under Runner
2017-10-24 22:10:02: docker-04 config: SYNC started by Periodic Timer, Under Runner on 'DAR-PC-02'
2017-10-24 22:10:02: \\DAR-DOCKER-04\docker\homeassistant (//DAR-DOCKER-04/docker/homeassistant) [TmpDest] =PropDels=> \\dar-dc-01\Backups\Docker\dar-docker-04 (//dar-dc-01/Backups/Docker/dar-docker-04) [TmpDest], SavePrevVers, CleanupPrevVers=30d, LinksCopy, ReconnectSecs=120, CopyCreateTime, CopyAttrs
2017-10-24 22:10:02: Load Recycled DB: //dar-dc-01/Backups/Docker/dar-docker-04/_gsdata_/_recycled_db._gs
2017-10-24 22:10:02: Copy Over '//DAR-DOCKER-04/docker/homeassistant/.ios.conf' -> '//dar-dc-01/Backups/Docker/dar-docker-04/.ios.conf'
2017-10-24 22:10:02: Copy Over '//DAR-DOCKER-04/docker/homeassistant/.monzo-token-cache' -> '//dar-dc-01/Backups/Docker/dar-docker-04/.monzo-token-cache'
2017-10-24 22:10:02: Copy Over '//DAR-DOCKER-04/docker/homeassistant/.ring_cache.pickle' -> '//dar-dc-01/Backups/Docker/dar-docker-04/.ring_cache.pickle'
2017-10-24 22:10:46: //DAR-DOCKER-04/docker/homeassistant/home-assistant.log: Source file has changed between Analyze and Sync from '[file] size=687004103 accu-time=2017-10-24 22:09:53 attr=Archive' to 'size=687004405 time=2017-10-24 22:10:00', noted in source file state
2017-10-24 22:10:46: Copy Over '//DAR-DOCKER-04/docker/homeassistant/home-assistant.log' -> '//dar-dc-01/Backups/Docker/dar-docker-04/home-assistant.log'
2017-10-24 22:22:04: //DAR-DOCKER-04/docker/homeassistant/home-assistant_v2.db: Source file has changed between Analyze and Sync from '[file] size=7436053504 accu-time=2017-10-24 22:09:59 attr=' to 'size=7436053504 time=2017-10-24 22:10:45', noted in source file state
2017-10-24 22:22:04: Copy Over '//DAR-DOCKER-04/docker/homeassistant/home-assistant_v2.db' -> '//dar-dc-01/Backups/Docker/dar-docker-04/home-assistant_v2.db'
2017-10-24 22:22:04: //DAR-DOCKER-04/docker/homeassistant/icloud/applethedarganscouk: Source file has changed between Analyze and Sync from '[file] size=488 accu-time=2017-10-24 22:09:58 attr=Archive' to 'size=488 time=2017-10-24 22:21:58', noted in source file state
2017-10-24 22:22:04: Copy Over '//DAR-DOCKER-04/docker/homeassistant/icloud/applethedarganscouk' -> '//dar-dc-01/Backups/Docker/dar-docker-04/icloud/applethedarganscouk'
2017-10-24 22:22:04: Close Modified Folder (mod-time, acl): /icloud
2017-10-24 22:23:56: //DAR-DOCKER-04/docker/homeassistant/OZW_Log.txt: Source file has changed between Analyze and Sync from '[file] size=1053775335 accu-time=2017-10-24 22:09:57 attr=' to 'size=1054017523 time=2017-10-24 22:22:03', noted in source file state
2017-10-24 22:23:56: Copy Over '//DAR-DOCKER-04/docker/homeassistant/OZW_Log.txt' -> '//dar-dc-01/Backups/Docker/dar-docker-04/OZW_Log.txt'
2017-10-24 22:23:56: Save State File //DAR-DOCKER-04/docker/homeassistant/_gsdata_/_file_state_v4._gs
2017-10-24 22:23:56: Save State File //dar-dc-01/Backups/Docker/dar-docker-04/_gsdata_/_file_state_v4._gs
2017-10-24 22:23:56: Save Recycled DB: //dar-dc-01/Backups/Docker/dar-docker-04/_gsdata_/_recycled_db._gs
2017-10-24 22:23:56: == Sync Complete. Time: 00:13:54, Speed: 10.4 MB/s, OK: 7, Errors: 0
2017-10-24 22:23:56: Unlocking folder //DAR-DOCKER-04/docker/homeassistant/_gsdata_/lock.gsl
2017-10-24 22:23:56: Unlocking folder //dar-dc-01/Backups/Docker/dar-docker-04/_gsdata_/lock.gsl
2017-10-24 22:23:56: 
