2017-10-22 20:23:44: Connected to \\DAR-DOCKER-04\docker\homeassistant: //DAR-DOCKER-04/docker NTFS: type=NTFS vol=docker flags=1006F
2017-10-22 20:23:44: Connected to \\dar-dc-01\Backups\Docker\dar-docker-04: //dar-dc-01/Backups NTFS: type=NTFS vol=DrivePool flags=8500DF
2017-10-22 20:23:44: -- Analysis Started by Periodic Timer, Under Runner
2017-10-22 20:23:44: docker-04 config: ANALYSIS started by Periodic Timer, Under Runner on 'DAR-PC-02' (GoodSync 10.6.1.5)
2017-10-22 20:23:44: \\DAR-DOCKER-04\docker\homeassistant (//DAR-DOCKER-04/docker/homeassistant) [TmpDest] =PropDels=> \\dar-dc-01\Backups\Docker\dar-docker-04 (//dar-dc-01/Backups/Docker/dar-docker-04) [TmpDest], SavePrevVers, CleanupPrevVers=30d, LinksCopy, ReconnectSecs=120, CopyCreateTime, CopyAttrs
2017-10-22 20:23:44: Exclude name *._gstmp|/System Volume Information|Thumbs.db|.DS_Store 
2017-10-22 20:23:44: Locking folder //DAR-DOCKER-04/docker/homeassistant for write
2017-10-22 20:23:44: Give up on SetFileOwner: file=//DAR-DOCKER-04/docker/homeassistant/_gsdata_/lock.gsl smb=1 m_sSystemUserId=DAR-PC-02\Admin error=WinFileSys::SetFileOwnerIfYouCan: This security ID may not be assigned as the owner of this object.  (error 1307)
2017-10-22 20:23:44: L: Reading State File //DAR-DOCKER-04/docker/homeassistant/_gsdata_/_file_state_v4._gs
2017-10-22 20:23:47: L: Files: 1235 (excluded 0). Folders: 312 (excluded 1). Times (s): Folder Scan: 2.770 (558 f/s), Compare: 0.004 ross //DAR-DOCKER-04/docker NTFS Free: 141 GB, Total: 224 GB
2017-10-22 20:23:47: Locking folder //dar-dc-01/Backups/Docker/dar-docker-04 for write
2017-10-22 20:23:47: R: Reading State File //dar-dc-01/Backups/Docker/dar-docker-04/_gsdata_/_file_state_v4._gs
2017-10-22 20:23:48: R: Files: 1235 (excluded 0). Folders: 312 (excluded 1). Times (s): Folder Scan: 1.624 (953 f/s), Compare: 0.004 administrator //dar-dc-01/Backups NTFS Free: 8.00 TB, Total: 17.2 TB
2017-10-22 20:23:48: On disk smb://DAR-DOCKER-04/docker space required for sync is 0 bytes, you have 141 GB
2017-10-22 20:23:48: On disk smb://dar-dc-01/Backups space required for sync is 8.47 GB, you have 8.00 TB
2017-10-22 20:23:48: Changes: 9, Conflicts: 0, CopyTime: 0, FixState: 0, Errors: 0, All: 1566
2017-10-22 20:23:48: Left to Right: Copy File: 9 
2017-10-22 20:23:48: -- Analysis Complete. Time 00:00:06, Speed: 258 files/s
2017-10-22 20:23:48: == Sync Started by Periodic Timer, Under Runner
2017-10-22 20:23:48: docker-04 config: SYNC started by Periodic Timer, Under Runner on 'DAR-PC-02'
2017-10-22 20:23:48: \\DAR-DOCKER-04\docker\homeassistant (//DAR-DOCKER-04/docker/homeassistant) [TmpDest] =PropDels=> \\dar-dc-01\Backups\Docker\dar-docker-04 (//dar-dc-01/Backups/Docker/dar-docker-04) [TmpDest], SavePrevVers, CleanupPrevVers=30d, LinksCopy, ReconnectSecs=120, CopyCreateTime, CopyAttrs
2017-10-22 20:23:49: Load Recycled DB: //dar-dc-01/Backups/Docker/dar-docker-04/_gsdata_/_recycled_db._gs
2017-10-22 20:23:49: Copy Over '//DAR-DOCKER-04/docker/homeassistant/.ios.conf' -> '//dar-dc-01/Backups/Docker/dar-docker-04/.ios.conf'
2017-10-22 20:23:49: Copy Over '//DAR-DOCKER-04/docker/homeassistant/.monzo-token-cache' -> '//dar-dc-01/Backups/Docker/dar-docker-04/.monzo-token-cache'
2017-10-22 20:23:49: Copy Over '//DAR-DOCKER-04/docker/homeassistant/.ring_cache.pickle' -> '//dar-dc-01/Backups/Docker/dar-docker-04/.ring_cache.pickle'
2017-10-22 20:24:28: Copy Over '//DAR-DOCKER-04/docker/homeassistant/home-assistant.log' -> '//dar-dc-01/Backups/Docker/dar-docker-04/home-assistant.log'
2017-10-22 20:31:46: //DAR-DOCKER-04/docker/homeassistant/home-assistant_v2.db: Source file has changed between Analyze and Sync from '[file] size=7436053504 accu-time=2017-10-22 20:23:42 attr=' to 'size=7436053504 time=2017-10-22 20:24:26', noted in source file state
2017-10-22 20:31:46: Copy Over '//DAR-DOCKER-04/docker/homeassistant/home-assistant_v2.db' -> '//dar-dc-01/Backups/Docker/dar-docker-04/home-assistant_v2.db'
2017-10-22 20:31:46: Copy Over '//DAR-DOCKER-04/docker/homeassistant/home-assistant_v2.db-shm' -> '//dar-dc-01/Backups/Docker/dar-docker-04/home-assistant_v2.db-shm'
- ERROR: Error copying file: getting file info before copy: SibGetFileInfo: The system cannot find the file specified.  (error 2)
2017-10-22 20:31:46: Copy Over '//DAR-DOCKER-04/docker/homeassistant/home-assistant_v2.db-wal' -> '//dar-dc-01/Backups/Docker/dar-docker-04/home-assistant_v2.db-wal'
- ERROR: Error copying file: getting file info before copy: SibGetFileInfo: The system cannot find the file specified.  (error 2)
2017-10-22 20:31:46: //DAR-DOCKER-04/docker/homeassistant/icloud/applethedarganscouk: Source file has changed between Analyze and Sync from '[file] size=488 accu-time=2017-10-22 20:22:59 attr=Archive' to 'size=488 time=2017-10-22 20:30:57', noted in source file state
2017-10-22 20:31:46: Copy Over '//DAR-DOCKER-04/docker/homeassistant/icloud/applethedarganscouk' -> '//dar-dc-01/Backups/Docker/dar-docker-04/icloud/applethedarganscouk'
2017-10-22 20:31:46: Close Modified Folder (mod-time, acl): /icloud
2017-10-22 20:33:01: //DAR-DOCKER-04/docker/homeassistant/OZW_Log.txt: Source file has changed between Analyze and Sync from '[file] size=996395874 accu-time=2017-10-22 20:23:42 attr=' to 'size=996533840 time=2017-10-22 20:31:42', noted in source file state
2017-10-22 20:33:01: Copy Over '//DAR-DOCKER-04/docker/homeassistant/OZW_Log.txt' -> '//dar-dc-01/Backups/Docker/dar-docker-04/OZW_Log.txt'
2017-10-22 20:33:01: Save State File //DAR-DOCKER-04/docker/homeassistant/_gsdata_/_file_state_v4._gs
2017-10-22 20:33:01: Save State File //dar-dc-01/Backups/Docker/dar-docker-04/_gsdata_/_file_state_v4._gs
2017-10-22 20:33:01: Sync finished with 2 errors. Click Errors button to see sync errors
2017-10-22 20:33:01: Save Recycled DB: //dar-dc-01/Backups/Docker/dar-docker-04/_gsdata_/_recycled_db._gs
2017-10-22 20:33:01: == Sync Complete. Time: 00:09:13, Speed: 15.7 MB/s, OK: 7, Errors: 2
2017-10-22 20:33:01: Deleted lock file //DAR-DOCKER-04/docker/homeassistant/_gsdata_/lock.gsl
2017-10-22 20:33:01: Deleted lock file //dar-dc-01/Backups/Docker/dar-docker-04/_gsdata_/lock.gsl
2017-10-22 20:33:01: 
