2017-10-24 09:39:56: Connected to \\DAR-DOCKER-04\docker\homeassistant: //DAR-DOCKER-04/docker NTFS: type=NTFS vol=docker flags=1006F
2017-10-24 09:39:56: Connected to \\dar-dc-01\Backups\Docker\dar-docker-04: //dar-dc-01/Backups NTFS: type=NTFS vol=DrivePool flags=8500DF
2017-10-24 09:39:56: -- Analysis Started by Periodic Timer, Under Runner
2017-10-24 09:39:56: docker-04 config: ANALYSIS started by Periodic Timer, Under Runner on 'DAR-PC-02' (GoodSync 10.6.1.5)
2017-10-24 09:39:56: \\DAR-DOCKER-04\docker\homeassistant (//DAR-DOCKER-04/docker/homeassistant) [TmpDest] =PropDels=> \\dar-dc-01\Backups\Docker\dar-docker-04 (//dar-dc-01/Backups/Docker/dar-docker-04) [TmpDest], SavePrevVers, CleanupPrevVers=30d, LinksCopy, ReconnectSecs=120, CopyCreateTime, CopyAttrs
2017-10-24 09:39:56: Exclude name *._gstmp|/System Volume Information|Thumbs.db|.DS_Store 
2017-10-24 09:39:56: Locking folder //DAR-DOCKER-04/docker/homeassistant for write
2017-10-24 09:39:56: Give up on SetFileOwner: file=//DAR-DOCKER-04/docker/homeassistant/_gsdata_/lock.gsl smb=1 m_sSystemUserId=DAR-PC-02\Admin error=WinFileSys::SetFileOwnerIfYouCan: This security ID may not be assigned as the owner of this object.  (error 1307)
2017-10-24 09:39:56: L: Reading State File //DAR-DOCKER-04/docker/homeassistant/_gsdata_/_file_state_v4._gs
2017-10-24 09:39:57: Candidate New-Old WholeHour TS of 15 hr: /.ring_cache.pickle
2017-10-24 09:39:57: Candidate New-Old WholeHour TS of 6 hr: /icloud/applethedarganscouk
2017-10-24 09:39:57: New-Old Time Shift of 6 hours at 1 files: drop because not enough files
2017-10-24 09:39:57: New-Old Time Shift of 15 hours at 1 files: drop because not enough files
2017-10-24 09:39:57: L: Files: 1235 (excluded 0). Folders: 312 (excluded 1). Times (s): Folder Scan: 0.947 (1634 f/s), Compare: 0.004 ross //DAR-DOCKER-04/docker NTFS Free: 140 GB, Total: 224 GB
2017-10-24 09:39:57: Locking folder //dar-dc-01/Backups/Docker/dar-docker-04 for write
2017-10-24 09:39:57: R: Reading State File //dar-dc-01/Backups/Docker/dar-docker-04/_gsdata_/_file_state_v4._gs
2017-10-24 09:39:59: R: Files: 1235 (excluded 0). Folders: 312 (excluded 1). Times (s): Folder Scan: 1.714 (903 f/s), Compare: 0.007 administrator //dar-dc-01/Backups NTFS Free: 8.00 TB, Total: 17.2 TB
2017-10-24 09:39:59: On disk smb://DAR-DOCKER-04/docker space required for sync is 0 bytes, you have 140 GB
2017-10-24 09:39:59: On disk smb://dar-dc-01/Backups space required for sync is 8.52 GB, you have 8.00 TB
2017-10-24 09:39:59: Changes: 9, Conflicts: 0, CopyTime: 0, FixState: 0, Errors: 0, All: 1566
2017-10-24 09:39:59: Left to Right: Copy File: 9 
2017-10-24 09:39:59: -- Analysis Complete. Time 00:00:05, Speed: 309 files/s
2017-10-24 09:39:59: == Sync Started by Periodic Timer, Under Runner
2017-10-24 09:39:59: docker-04 config: SYNC started by Periodic Timer, Under Runner on 'DAR-PC-02'
2017-10-24 09:39:59: \\DAR-DOCKER-04\docker\homeassistant (//DAR-DOCKER-04/docker/homeassistant) [TmpDest] =PropDels=> \\dar-dc-01\Backups\Docker\dar-docker-04 (//dar-dc-01/Backups/Docker/dar-docker-04) [TmpDest], SavePrevVers, CleanupPrevVers=30d, LinksCopy, ReconnectSecs=120, CopyCreateTime, CopyAttrs
2017-10-24 09:39:59: Load Recycled DB: //dar-dc-01/Backups/Docker/dar-docker-04/_gsdata_/_recycled_db._gs
2017-10-24 09:39:59: Copy Over '//DAR-DOCKER-04/docker/homeassistant/.ios.conf' -> '//dar-dc-01/Backups/Docker/dar-docker-04/.ios.conf'
2017-10-24 09:40:00: Copy Over '//DAR-DOCKER-04/docker/homeassistant/.monzo-token-cache' -> '//dar-dc-01/Backups/Docker/dar-docker-04/.monzo-token-cache'
2017-10-24 09:40:00: Copy Over '//DAR-DOCKER-04/docker/homeassistant/.ring_cache.pickle' -> '//dar-dc-01/Backups/Docker/dar-docker-04/.ring_cache.pickle'
2017-10-24 09:41:06: Copy Over '//DAR-DOCKER-04/docker/homeassistant/home-assistant.log' -> '//dar-dc-01/Backups/Docker/dar-docker-04/home-assistant.log'
2017-10-24 09:53:07: //DAR-DOCKER-04/docker/homeassistant/home-assistant_v2.db: Source file has changed between Analyze and Sync from '[file] size=7436053504 accu-time=2017-10-24 09:39:56 attr=' to 'size=7436053504 time=2017-10-24 09:41:06', noted in source file state
2017-10-24 09:53:07: Copy Over '//DAR-DOCKER-04/docker/homeassistant/home-assistant_v2.db' -> '//dar-dc-01/Backups/Docker/dar-docker-04/home-assistant_v2.db'
2017-10-24 09:53:07: //DAR-DOCKER-04/docker/homeassistant/home-assistant_v2.db-shm: Source file has changed between Analyze and Sync from '[file] size=32768 accu-time=2017-10-24 09:39:56 attr=' to 'size=32768 time=2017-10-24 09:53:07', noted in source file state
2017-10-24 09:53:07: Copy Over '//DAR-DOCKER-04/docker/homeassistant/home-assistant_v2.db-shm' -> '//dar-dc-01/Backups/Docker/dar-docker-04/home-assistant_v2.db-shm'
2017-10-24 09:53:07: //DAR-DOCKER-04/docker/homeassistant/home-assistant_v2.db-wal: Source file has changed between Analyze and Sync from '[file] size=32 accu-time=2017-10-24 09:39:56 attr=' to 'size=14704 time=2017-10-24 09:53:07', noted in source file state
2017-10-24 09:53:07: Copy Over '//DAR-DOCKER-04/docker/homeassistant/home-assistant_v2.db-wal' -> '//dar-dc-01/Backups/Docker/dar-docker-04/home-assistant_v2.db-wal'
2017-10-24 09:53:08: //DAR-DOCKER-04/docker/homeassistant/icloud/applethedarganscouk: Source file has changed between Analyze and Sync from '[file] size=488 accu-time=2017-10-24 09:38:58 attr=Archive' to 'size=488 time=2017-10-24 09:52:58', noted in source file state
2017-10-24 09:53:08: Copy Over '//DAR-DOCKER-04/docker/homeassistant/icloud/applethedarganscouk' -> '//dar-dc-01/Backups/Docker/dar-docker-04/icloud/applethedarganscouk'
2017-10-24 09:53:08: Close Modified Folder (mod-time, acl): /icloud
2017-10-24 09:54:53: //DAR-DOCKER-04/docker/homeassistant/OZW_Log.txt: Source file has changed between Analyze and Sync from '[file] size=1039062657 accu-time=2017-10-24 09:39:54 attr=' to 'size=1039315129 time=2017-10-24 09:53:06', noted in source file state
2017-10-24 09:54:53: Copy Over '//DAR-DOCKER-04/docker/homeassistant/OZW_Log.txt' -> '//dar-dc-01/Backups/Docker/dar-docker-04/OZW_Log.txt'
2017-10-24 09:54:53: Save State File //DAR-DOCKER-04/docker/homeassistant/_gsdata_/_file_state_v4._gs
2017-10-24 09:54:53: Save State File //dar-dc-01/Backups/Docker/dar-docker-04/_gsdata_/_file_state_v4._gs
2017-10-24 09:54:53: Save Recycled DB: //dar-dc-01/Backups/Docker/dar-docker-04/_gsdata_/_recycled_db._gs
2017-10-24 09:54:53: == Sync Complete. Time: 00:14:54, Speed: 9.76 MB/s, OK: 9, Errors: 0
2017-10-24 09:54:53: Unlocking folder //DAR-DOCKER-04/docker/homeassistant/_gsdata_/lock.gsl
2017-10-24 09:54:53: Unlocking folder //dar-dc-01/Backups/Docker/dar-docker-04/_gsdata_/lock.gsl
2017-10-24 09:54:53: 
