2017-10-21 06:36:51: Connected to \\DAR-DOCKER-04\docker\homeassistant: //DAR-DOCKER-04/docker NTFS: type=NTFS vol=docker flags=1006F
2017-10-21 06:36:51: Connected to \\dar-dc-01\Backups\Docker\dar-docker-04: //dar-dc-01/Backups NTFS: type=NTFS vol=DrivePool flags=8500DF
2017-10-21 06:36:51: -- Analysis Started by Periodic Timer, Under Runner
2017-10-21 06:36:51: docker-04 config: ANALYSIS started by Periodic Timer, Under Runner on 'DAR-PC-02' (GoodSync 10.6.1.5)
2017-10-21 06:36:51: \\DAR-DOCKER-04\docker\homeassistant (//DAR-DOCKER-04/docker/homeassistant) [TmpDest] =PropDels=> \\dar-dc-01\Backups\Docker\dar-docker-04 (//dar-dc-01/Backups/Docker/dar-docker-04) [TmpDest], SavePrevVers, CleanupPrevVers=30d, LinksCopy, ReconnectSecs=120, CopyCreateTime, CopyAttrs
2017-10-21 06:36:51: Exclude name *._gstmp|/System Volume Information|Thumbs.db|.DS_Store 
2017-10-21 06:36:51: Locking folder //DAR-DOCKER-04/docker/homeassistant for write
2017-10-21 06:36:51: Give up on SetFileOwner: file=//DAR-DOCKER-04/docker/homeassistant/_gsdata_/lock.gsl smb=1 m_sSystemUserId=DAR-PC-02\Admin error=WinFileSys::SetFileOwnerIfYouCan: This security ID may not be assigned as the owner of this object.  (error 1307)
2017-10-21 06:36:51: L: Reading State File //DAR-DOCKER-04/docker/homeassistant/_gsdata_/_file_state_v4._gs
2017-10-21 06:36:52: L: Files: 1233 (excluded 0). Folders: 312 (excluded 1). Times (s): Folder Scan: 1.777 (870 f/s), Compare: 0.005 ross //DAR-DOCKER-04/docker NTFS Free: 142 GB, Total: 224 GB
2017-10-21 06:36:52: Locking folder //dar-dc-01/Backups/Docker/dar-docker-04 for write
2017-10-21 06:36:52: R: Reading State File //dar-dc-01/Backups/Docker/dar-docker-04/_gsdata_/_file_state_v4._gs
2017-10-21 06:36:55: R: Files: 1233 (excluded 0). Folders: 312 (excluded 1). Times (s): Folder Scan: 2.305 (670 f/s), Compare: 0.005 administrator //dar-dc-01/Backups NTFS Free: 8.03 TB, Total: 17.2 TB
2017-10-21 06:36:55: On disk smb://DAR-DOCKER-04/docker space required for sync is 0 bytes, you have 142 GB
2017-10-21 06:36:55: On disk smb://dar-dc-01/Backups space required for sync is 8.42 GB, you have 8.03 TB
2017-10-21 06:36:55: Changes: 6, Conflicts: 0, CopyTime: 0, FixState: 0, Errors: 0, All: 1566
2017-10-21 06:36:55: Left to Right: Copy File: 6 
2017-10-21 06:36:55: -- Analysis Complete. Time 00:00:07, Speed: 220 files/s
2017-10-21 06:36:55: == Sync Started by Periodic Timer, Under Runner
2017-10-21 06:36:55: docker-04 config: SYNC started by Periodic Timer, Under Runner on 'DAR-PC-02'
2017-10-21 06:36:55: \\DAR-DOCKER-04\docker\homeassistant (//DAR-DOCKER-04/docker/homeassistant) [TmpDest] =PropDels=> \\dar-dc-01\Backups\Docker\dar-docker-04 (//dar-dc-01/Backups/Docker/dar-docker-04) [TmpDest], SavePrevVers, CleanupPrevVers=30d, LinksCopy, ReconnectSecs=120, CopyCreateTime, CopyAttrs
2017-10-21 06:36:55: Load Recycled DB: //dar-dc-01/Backups/Docker/dar-docker-04/_gsdata_/_recycled_db._gs
2017-10-21 06:36:55: Copy Over '//DAR-DOCKER-04/docker/homeassistant/.monzo-token-cache' -> '//dar-dc-01/Backups/Docker/dar-docker-04/.monzo-token-cache'
2017-10-21 06:36:55: Copy Over '//DAR-DOCKER-04/docker/homeassistant/.ring_cache.pickle' -> '//dar-dc-01/Backups/Docker/dar-docker-04/.ring_cache.pickle'
2017-10-21 06:37:28: //DAR-DOCKER-04/docker/homeassistant/home-assistant.log: Source file has changed between Analyze and Sync from '[file] size=660950946 accu-time=2017-10-21 06:36:48 attr=Archive' to 'size=660952013 time=2017-10-21 06:36:54', noted in source file state
2017-10-21 06:37:28: Copy Over '//DAR-DOCKER-04/docker/homeassistant/home-assistant.log' -> '//dar-dc-01/Backups/Docker/dar-docker-04/home-assistant.log'
2017-10-21 06:42:57: //DAR-DOCKER-04/docker/homeassistant/home-assistant_v2.db: Source file has changed between Analyze and Sync from '[file] size=7436053504 accu-time=2017-10-21 06:36:49 attr=' to 'size=7436053504 time=2017-10-21 06:37:27', noted in source file state
2017-10-21 06:42:57: Copy Over '//DAR-DOCKER-04/docker/homeassistant/home-assistant_v2.db' -> '//dar-dc-01/Backups/Docker/dar-docker-04/home-assistant_v2.db'
2017-10-21 06:42:57: //DAR-DOCKER-04/docker/homeassistant/icloud/applethedarganscouk: Source file has changed between Analyze and Sync from '[file] size=488 accu-time=2017-10-21 06:35:57 attr=Archive' to 'size=488 time=2017-10-21 06:41:57', noted in source file state
2017-10-21 06:42:57: Copy Over '//DAR-DOCKER-04/docker/homeassistant/icloud/applethedarganscouk' -> '//dar-dc-01/Backups/Docker/dar-docker-04/icloud/applethedarganscouk'
2017-10-21 06:42:57: Close Modified Folder (mod-time, acl): /icloud
2017-10-21 06:44:11: //DAR-DOCKER-04/docker/homeassistant/OZW_Log.txt: Source file has changed between Analyze and Sync from '[file] size=950925418 accu-time=2017-10-21 06:36:47 attr=' to 'size=951028031 time=2017-10-21 06:42:56', noted in source file state
2017-10-21 06:44:11: Copy Over '//DAR-DOCKER-04/docker/homeassistant/OZW_Log.txt' -> '//dar-dc-01/Backups/Docker/dar-docker-04/OZW_Log.txt'
2017-10-21 06:44:11: Save State File //DAR-DOCKER-04/docker/homeassistant/_gsdata_/_file_state_v4._gs
2017-10-21 06:44:11: Save State File //dar-dc-01/Backups/Docker/dar-docker-04/_gsdata_/_file_state_v4._gs
2017-10-21 06:44:11: Save Recycled DB: //dar-dc-01/Backups/Docker/dar-docker-04/_gsdata_/_recycled_db._gs
2017-10-21 06:44:11: == Sync Complete. Time: 00:07:16, Speed: 19.7 MB/s, OK: 6, Errors: 0
2017-10-21 06:44:11: Unlocking folder //DAR-DOCKER-04/docker/homeassistant/_gsdata_/lock.gsl
2017-10-21 06:44:11: Unlocking folder //dar-dc-01/Backups/Docker/dar-docker-04/_gsdata_/lock.gsl
2017-10-21 06:44:11: 
