2017-10-23 15:12:23: Connected to \\DAR-DOCKER-04\docker\homeassistant: //DAR-DOCKER-04/docker NTFS: type=NTFS vol=docker flags=1006F
2017-10-23 15:12:23: Connected to \\dar-dc-01\Backups\Docker\dar-docker-04: //dar-dc-01/Backups NTFS: type=NTFS vol=DrivePool flags=8500DF
2017-10-23 15:12:23: -- Analysis Started by Periodic Timer, Under Runner
2017-10-23 15:12:23: docker-04 config: ANALYSIS started by Periodic Timer, Under Runner on 'DAR-PC-02' (GoodSync 10.6.1.5)
2017-10-23 15:12:23: \\DAR-DOCKER-04\docker\homeassistant (//DAR-DOCKER-04/docker/homeassistant) [TmpDest] =PropDels=> \\dar-dc-01\Backups\Docker\dar-docker-04 (//dar-dc-01/Backups/Docker/dar-docker-04) [TmpDest], SavePrevVers, CleanupPrevVers=30d, LinksCopy, ReconnectSecs=120, CopyCreateTime, CopyAttrs
2017-10-23 15:12:23: Exclude name *._gstmp|/System Volume Information|Thumbs.db|.DS_Store 
2017-10-23 15:12:23: Locking folder //DAR-DOCKER-04/docker/homeassistant for write
2017-10-23 15:12:24: Give up on SetFileOwner: file=//DAR-DOCKER-04/docker/homeassistant/_gsdata_/lock.gsl smb=1 m_sSystemUserId=DAR-PC-02\Admin error=WinFileSys::SetFileOwnerIfYouCan: This security ID may not be assigned as the owner of this object.  (error 1307)
2017-10-23 15:12:24: L: Reading State File //DAR-DOCKER-04/docker/homeassistant/_gsdata_/_file_state_v4._gs
2017-10-23 15:12:28: L: Files: 1235 (excluded 0). Folders: 312 (excluded 1). Times (s): Folder Scan: 4.170 (371 f/s), Compare: 0.008 ross //DAR-DOCKER-04/docker NTFS Free: 140 GB, Total: 224 GB
2017-10-23 15:12:28: Locking folder //dar-dc-01/Backups/Docker/dar-docker-04 for write
2017-10-23 15:12:28: R: Reading State File //dar-dc-01/Backups/Docker/dar-docker-04/_gsdata_/_file_state_v4._gs
2017-10-23 15:12:29: R: Files: 1235 (excluded 0). Folders: 312 (excluded 1). Times (s): Folder Scan: 1.579 (980 f/s), Compare: 0.004 administrator //dar-dc-01/Backups NTFS Free: 7.99 TB, Total: 17.2 TB
2017-10-23 15:12:29: On disk smb://DAR-DOCKER-04/docker space required for sync is 0 bytes, you have 140 GB
2017-10-23 15:12:29: On disk smb://dar-dc-01/Backups space required for sync is 9.58 GB, you have 7.99 TB
2017-10-23 15:12:29: Changes: 8, Conflicts: 0, CopyTime: 0, FixState: 0, Errors: 0, All: 1566
2017-10-23 15:12:29: Left to Right: Copy File: 8 
2017-10-23 15:12:29: -- Analysis Complete. Time 00:00:10, Speed: 154 files/s
2017-10-23 15:12:29: == Sync Started by Periodic Timer, Under Runner
2017-10-23 15:12:29: docker-04 config: SYNC started by Periodic Timer, Under Runner on 'DAR-PC-02'
2017-10-23 15:12:29: \\DAR-DOCKER-04\docker\homeassistant (//DAR-DOCKER-04/docker/homeassistant) [TmpDest] =PropDels=> \\dar-dc-01\Backups\Docker\dar-docker-04 (//dar-dc-01/Backups/Docker/dar-docker-04) [TmpDest], SavePrevVers, CleanupPrevVers=30d, LinksCopy, ReconnectSecs=120, CopyCreateTime, CopyAttrs
2017-10-23 15:12:29: Load Recycled DB: //dar-dc-01/Backups/Docker/dar-docker-04/_gsdata_/_recycled_db._gs
2017-10-23 15:12:29: Copy Over '//DAR-DOCKER-04/docker/homeassistant/.monzo-token-cache' -> '//dar-dc-01/Backups/Docker/dar-docker-04/.monzo-token-cache'
2017-10-23 15:12:30: Copy Over '//DAR-DOCKER-04/docker/homeassistant/.ring_cache.pickle' -> '//dar-dc-01/Backups/Docker/dar-docker-04/.ring_cache.pickle'
2017-10-23 15:13:41: //DAR-DOCKER-04/docker/homeassistant/home-assistant.log: Source file has changed between Analyze and Sync from '[file] size=677964109 accu-time=2017-10-23 15:12:18 attr=Archive' to 'size=677964274 time=2017-10-23 15:12:25', noted in source file state
2017-10-23 15:13:41: Copy Over '//DAR-DOCKER-04/docker/homeassistant/home-assistant.log' -> '//dar-dc-01/Backups/Docker/dar-docker-04/home-assistant.log'
2017-10-23 15:21:51: Copy Over '//DAR-DOCKER-04/docker/homeassistant/home-assistant_v2.db' -> '//dar-dc-01/Backups/Docker/dar-docker-04/home-assistant_v2.db'
2017-10-23 15:21:51: //DAR-DOCKER-04/docker/homeassistant/home-assistant_v2.db-shm: Source file has changed between Analyze and Sync from '[file] size=8847360 accu-time=2017-10-23 15:12:16 attr=' to 'size=9306112 time=2017-10-23 15:21:41', noted in source file state
2017-10-23 15:21:51: Copy Over '//DAR-DOCKER-04/docker/homeassistant/home-assistant_v2.db-shm' -> '//dar-dc-01/Backups/Docker/dar-docker-04/home-assistant_v2.db-shm'
2017-10-23 15:24:21: //DAR-DOCKER-04/docker/homeassistant/home-assistant_v2.db-wal: Source file has changed between Analyze and Sync from '[file] size=1156437640 accu-time=2017-10-23 15:12:21 attr=' to 'size=1217466872 time=2017-10-23 15:21:48', noted in source file state
2017-10-23 15:24:21: Copy Over '//DAR-DOCKER-04/docker/homeassistant/home-assistant_v2.db-wal' -> '//dar-dc-01/Backups/Docker/dar-docker-04/home-assistant_v2.db-wal'
2017-10-23 15:24:21: //DAR-DOCKER-04/docker/homeassistant/icloud/applethedarganscouk: Source file has changed between Analyze and Sync from '[file] size=488 accu-time=2017-10-23 15:11:58 attr=Archive' to 'size=488 time=2017-10-23 15:23:58', noted in source file state
2017-10-23 15:24:21: Copy Over '//DAR-DOCKER-04/docker/homeassistant/icloud/applethedarganscouk' -> '//dar-dc-01/Backups/Docker/dar-docker-04/icloud/applethedarganscouk'
2017-10-23 15:24:21: Close Modified Folder (mod-time, acl): /icloud
2017-10-23 15:26:12: //DAR-DOCKER-04/docker/homeassistant/OZW_Log.txt: Source file has changed between Analyze and Sync from '[file] size=1018522802 accu-time=2017-10-23 15:12:18 attr=' to 'size=1018750287 time=2017-10-23 15:24:18', noted in source file state
2017-10-23 15:26:12: Copy Over '//DAR-DOCKER-04/docker/homeassistant/OZW_Log.txt' -> '//dar-dc-01/Backups/Docker/dar-docker-04/OZW_Log.txt'
2017-10-23 15:26:12: Save State File //DAR-DOCKER-04/docker/homeassistant/_gsdata_/_file_state_v4._gs
2017-10-23 15:26:12: Save State File //dar-dc-01/Backups/Docker/dar-docker-04/_gsdata_/_file_state_v4._gs
2017-10-23 15:26:12: Cleanup recycled files in //DAR-DOCKER-04/docker/homeassistant/_gsdata_/_saved_
2017-10-23 15:26:12: Deleted old log file C:/Users/Admin/AppData/Roaming/GoodSync/_mirrors_/smb-ross@DAR-DOCKER-04-docker-homeassistant/2017-1016-162656-DAR-PC-02-Runner-docker-04 config.log
2017-10-23 15:26:12: Deleted old log file C:/Users/Admin/AppData/Roaming/GoodSync/_mirrors_/smb-ross@DAR-DOCKER-04-docker-homeassistant/2017-1016-224940-DAR-PC-02-Runner-docker-04 config.log
2017-10-23 15:26:12: Deleted old log file C:/Users/Admin/AppData/Roaming/GoodSync/_mirrors_/smb-ross@DAR-DOCKER-04-docker-homeassistant/2017-1017-044958-DAR-PC-02-Runner-docker-04 config.log
2017-10-23 15:26:12: Deleted old log file C:/Users/Admin/AppData/Roaming/GoodSync/_mirrors_/smb-ross@DAR-DOCKER-04-docker-homeassistant/2017-1017-105550-DAR-PC-02-Runner-docker-04 config.log
2017-10-23 15:26:12: Cleanup old logs in //DAR-DOCKER-04/docker/homeassistant/_gsdata_
2017-10-23 15:26:12: Delete log file //DAR-DOCKER-04/docker/homeassistant/_gsdata_/2017-1017-105550-DAR-PC-02-Runner-docker-04 config.log
2017-10-23 15:26:12: Delete log file //DAR-DOCKER-04/docker/homeassistant/_gsdata_/2017-1016-162656-DAR-PC-02-Runner-docker-04 config.log
2017-10-23 15:26:12: Delete log file //DAR-DOCKER-04/docker/homeassistant/_gsdata_/2017-1017-044958-DAR-PC-02-Runner-docker-04 config.log
2017-10-23 15:26:12: Cleanup recycled files in //dar-dc-01/Backups/Docker/dar-docker-04/_gsdata_/_saved_
2017-10-23 15:26:12: Deleted Recycled: //dar-dc-01/Backups/Docker/dar-docker-04/_gsdata_/_saved_/.spotify-token-cache
2017-10-23 15:26:12: Save Recycled DB: //dar-dc-01/Backups/Docker/dar-docker-04/_gsdata_/_recycled_db._gs
2017-10-23 15:26:12: Deleted old log file C:/Users/Admin/AppData/Roaming/GoodSync/_mirrors_/smb-administrator@dar-dc-01-Backups-Docker-dar-docker-04/2017-1016-162656-DAR-PC-02-Runner-docker-04 config.log
2017-10-23 15:26:12: Deleted old log file C:/Users/Admin/AppData/Roaming/GoodSync/_mirrors_/smb-administrator@dar-dc-01-Backups-Docker-dar-docker-04/2017-1016-224940-DAR-PC-02-Runner-docker-04 config.log
2017-10-23 15:26:12: Deleted old log file C:/Users/Admin/AppData/Roaming/GoodSync/_mirrors_/smb-administrator@dar-dc-01-Backups-Docker-dar-docker-04/2017-1017-044958-DAR-PC-02-Runner-docker-04 config.log
2017-10-23 15:26:12: Deleted old log file C:/Users/Admin/AppData/Roaming/GoodSync/_mirrors_/smb-administrator@dar-dc-01-Backups-Docker-dar-docker-04/2017-1017-105550-DAR-PC-02-Runner-docker-04 config.log
2017-10-23 15:26:12: Cleanup old logs in //dar-dc-01/Backups/Docker/dar-docker-04/_gsdata_
2017-10-23 15:26:12: Delete log file //dar-dc-01/Backups/Docker/dar-docker-04/_gsdata_/2017-1016-162656-DAR-PC-02-Runner-docker-04 config.log
2017-10-23 15:26:12: Delete log file //dar-dc-01/Backups/Docker/dar-docker-04/_gsdata_/2017-1017-044958-DAR-PC-02-Runner-docker-04 config.log
2017-10-23 15:26:12: Delete log file //dar-dc-01/Backups/Docker/dar-docker-04/_gsdata_/2017-1017-105550-DAR-PC-02-Runner-docker-04 config.log
2017-10-23 15:26:12: == Sync Complete. Time: 00:13:43, Speed: 11.9 MB/s, OK: 8, Errors: 0
2017-10-23 15:26:12: Unlocking folder //DAR-DOCKER-04/docker/homeassistant/_gsdata_/lock.gsl
2017-10-23 15:26:12: Unlocking folder //dar-dc-01/Backups/Docker/dar-docker-04/_gsdata_/lock.gsl
2017-10-23 15:26:12: 
