2017-10-24 15:55:07: Connected to \\DAR-DOCKER-04\docker\homeassistant: //DAR-DOCKER-04/docker NTFS: type=NTFS vol=docker flags=1006F
2017-10-24 15:55:07: Connected to \\dar-dc-01\Backups\Docker\dar-docker-04: //dar-dc-01/Backups NTFS: type=NTFS vol=DrivePool flags=8500DF
2017-10-24 15:55:07: -- Analysis Started by Periodic Timer, Under Runner
2017-10-24 15:55:07: docker-04 config: ANALYSIS started by Periodic Timer, Under Runner on 'DAR-PC-02' (GoodSync 10.6.1.5)
2017-10-24 15:55:07: \\DAR-DOCKER-04\docker\homeassistant (//DAR-DOCKER-04/docker/homeassistant) [TmpDest] =PropDels=> \\dar-dc-01\Backups\Docker\dar-docker-04 (//dar-dc-01/Backups/Docker/dar-docker-04) [TmpDest], SavePrevVers, CleanupPrevVers=30d, LinksCopy, ReconnectSecs=120, CopyCreateTime, CopyAttrs
2017-10-24 15:55:07: Exclude name *._gstmp|/System Volume Information|Thumbs.db|.DS_Store 
2017-10-24 15:55:07: Locking folder //DAR-DOCKER-04/docker/homeassistant for write
2017-10-24 15:55:07: Give up on SetFileOwner: file=//DAR-DOCKER-04/docker/homeassistant/_gsdata_/lock.gsl smb=1 m_sSystemUserId=DAR-PC-02\Admin error=WinFileSys::SetFileOwnerIfYouCan: This security ID may not be assigned as the owner of this object.  (error 1307)
2017-10-24 15:55:07: L: Reading State File //DAR-DOCKER-04/docker/homeassistant/_gsdata_/_file_state_v4._gs
2017-10-24 15:55:07: L: Files: 1233 (excluded 0). Folders: 312 (excluded 1). Times (s): Folder Scan: 0.836 (1849 f/s), Compare: 0.005 ross //DAR-DOCKER-04/docker NTFS Free: 140 GB, Total: 224 GB
2017-10-24 15:55:07: Locking folder //dar-dc-01/Backups/Docker/dar-docker-04 for write
2017-10-24 15:55:07: R: Reading State File //dar-dc-01/Backups/Docker/dar-docker-04/_gsdata_/_file_state_v4._gs
2017-10-24 15:55:08: R: Files: 1235 (excluded 0). Folders: 312 (excluded 1). Times (s): Folder Scan: 0.606 (2554 f/s), Compare: 0.004 administrator //dar-dc-01/Backups NTFS Free: 8.00 TB, Total: 17.2 TB
2017-10-24 15:55:08: On disk smb://DAR-DOCKER-04/docker space required for sync is 0 bytes, you have 140 GB
2017-10-24 15:55:08: On disk smb://dar-dc-01/Backups space required for sync is 8.53 GB, you have 8.00 TB
2017-10-24 15:55:08: Changes: 8, Conflicts: 0, CopyTime: 0, FixState: 0, Errors: 0, All: 1566
2017-10-24 15:55:08: Left to Right: Copy File: 6 Delete File: 2 
2017-10-24 15:55:08: -- Analysis Complete. Time 00:00:03, Speed: 516 files/s
2017-10-24 15:55:08: == Sync Started by Periodic Timer, Under Runner
2017-10-24 15:55:08: docker-04 config: SYNC started by Periodic Timer, Under Runner on 'DAR-PC-02'
2017-10-24 15:55:08: \\DAR-DOCKER-04\docker\homeassistant (//DAR-DOCKER-04/docker/homeassistant) [TmpDest] =PropDels=> \\dar-dc-01\Backups\Docker\dar-docker-04 (//dar-dc-01/Backups/Docker/dar-docker-04) [TmpDest], SavePrevVers, CleanupPrevVers=30d, LinksCopy, ReconnectSecs=120, CopyCreateTime, CopyAttrs
2017-10-24 15:55:08: Load Recycled DB: //dar-dc-01/Backups/Docker/dar-docker-04/_gsdata_/_recycled_db._gs
2017-10-24 15:55:08: Delete File '//dar-dc-01/Backups/Docker/dar-docker-04/home-assistant_v2.db-shm'
2017-10-24 15:55:08: Delete File '//dar-dc-01/Backups/Docker/dar-docker-04/home-assistant_v2.db-wal'
2017-10-24 15:55:08: Copy Over '//DAR-DOCKER-04/docker/homeassistant/.monzo-token-cache' -> '//dar-dc-01/Backups/Docker/dar-docker-04/.monzo-token-cache'
2017-10-24 15:55:08: Copy Over '//DAR-DOCKER-04/docker/homeassistant/.ring_cache.pickle' -> '//dar-dc-01/Backups/Docker/dar-docker-04/.ring_cache.pickle'
2017-10-24 15:56:07: Copy Over '//DAR-DOCKER-04/docker/homeassistant/home-assistant.log' -> '//dar-dc-01/Backups/Docker/dar-docker-04/home-assistant.log'
2017-10-24 16:08:05: //DAR-DOCKER-04/docker/homeassistant/home-assistant_v2.db: Source file has changed between Analyze and Sync from '[file] size=7436053504 accu-time=2017-10-24 15:55:05 attr=' to 'size=7436053504 time=2017-10-24 15:56:06', noted in source file state
2017-10-24 16:08:05: Copy Over '//DAR-DOCKER-04/docker/homeassistant/home-assistant_v2.db' -> '//dar-dc-01/Backups/Docker/dar-docker-04/home-assistant_v2.db'
2017-10-24 16:08:05: //DAR-DOCKER-04/docker/homeassistant/icloud/applethedarganscouk: Source file has changed between Analyze and Sync from '[file] size=488 accu-time=2017-10-24 15:54:58 attr=Archive' to 'size=488 time=2017-10-24 16:07:58', noted in source file state
2017-10-24 16:08:05: Copy Over '//DAR-DOCKER-04/docker/homeassistant/icloud/applethedarganscouk' -> '//dar-dc-01/Backups/Docker/dar-docker-04/icloud/applethedarganscouk'
2017-10-24 16:08:05: Close Modified Folder (mod-time, acl): /icloud
2017-10-24 16:09:56: //DAR-DOCKER-04/docker/homeassistant/OZW_Log.txt: Source file has changed between Analyze and Sync from '[file] size=1046761133 accu-time=2017-10-24 15:55:03 attr=' to 'size=1047027571 time=2017-10-24 16:08:03', noted in source file state
2017-10-24 16:09:56: Copy Over '//DAR-DOCKER-04/docker/homeassistant/OZW_Log.txt' -> '//dar-dc-01/Backups/Docker/dar-docker-04/OZW_Log.txt'
2017-10-24 16:09:57: Save State File //DAR-DOCKER-04/docker/homeassistant/_gsdata_/_file_state_v4._gs
2017-10-24 16:09:57: Save State File //dar-dc-01/Backups/Docker/dar-docker-04/_gsdata_/_file_state_v4._gs
2017-10-24 16:09:57: Cleanup recycled files in //DAR-DOCKER-04/docker/homeassistant/_gsdata_/_saved_
2017-10-24 16:09:57: Deleted old log file C:/Users/Admin/AppData/Roaming/GoodSync/_mirrors_/smb-ross@DAR-DOCKER-04-docker-homeassistant/2017-1017-171041-DAR-PC-02-Runner-docker-04 config.log
2017-10-24 16:09:57: Deleted old log file C:/Users/Admin/AppData/Roaming/GoodSync/_mirrors_/smb-ross@DAR-DOCKER-04-docker-homeassistant/2017-1017-232556-DAR-PC-02-Runner-docker-04 config.log
2017-10-24 16:09:57: Deleted old log file C:/Users/Admin/AppData/Roaming/GoodSync/_mirrors_/smb-ross@DAR-DOCKER-04-docker-homeassistant/2017-1018-054049-DAR-PC-02-Runner-docker-04 config.log
2017-10-24 16:09:57: Cleanup old logs in //DAR-DOCKER-04/docker/homeassistant/_gsdata_
2017-10-24 16:09:57: Delete log file //DAR-DOCKER-04/docker/homeassistant/_gsdata_/2017-1018-054049-DAR-PC-02-Runner-docker-04 config.log
2017-10-24 16:09:57: Delete log file //DAR-DOCKER-04/docker/homeassistant/_gsdata_/2017-1017-232556-DAR-PC-02-Runner-docker-04 config.log
2017-10-24 16:09:57: Delete log file //DAR-DOCKER-04/docker/homeassistant/_gsdata_/2017-1017-171041-DAR-PC-02-Runner-docker-04 config.log
2017-10-24 16:09:57: Cleanup recycled files in //dar-dc-01/Backups/Docker/dar-docker-04/_gsdata_/_saved_
2017-10-24 16:09:57: Save Recycled DB: //dar-dc-01/Backups/Docker/dar-docker-04/_gsdata_/_recycled_db._gs
2017-10-24 16:09:57: Deleted old log file C:/Users/Admin/AppData/Roaming/GoodSync/_mirrors_/smb-administrator@dar-dc-01-Backups-Docker-dar-docker-04/2017-1017-171041-DAR-PC-02-Runner-docker-04 config.log
2017-10-24 16:09:57: Deleted old log file C:/Users/Admin/AppData/Roaming/GoodSync/_mirrors_/smb-administrator@dar-dc-01-Backups-Docker-dar-docker-04/2017-1017-232556-DAR-PC-02-Runner-docker-04 config.log
2017-10-24 16:09:57: Deleted old log file C:/Users/Admin/AppData/Roaming/GoodSync/_mirrors_/smb-administrator@dar-dc-01-Backups-Docker-dar-docker-04/2017-1018-054049-DAR-PC-02-Runner-docker-04 config.log
2017-10-24 16:09:57: Cleanup old logs in //dar-dc-01/Backups/Docker/dar-docker-04/_gsdata_
2017-10-24 16:09:57: Delete log file //dar-dc-01/Backups/Docker/dar-docker-04/_gsdata_/2017-1017-171041-DAR-PC-02-Runner-docker-04 config.log
2017-10-24 16:09:57: Delete log file //dar-dc-01/Backups/Docker/dar-docker-04/_gsdata_/2017-1017-232556-DAR-PC-02-Runner-docker-04 config.log
2017-10-24 16:09:57: Delete log file //dar-dc-01/Backups/Docker/dar-docker-04/_gsdata_/2017-1018-054049-DAR-PC-02-Runner-docker-04 config.log
2017-10-24 16:09:57: == Sync Complete. Time: 00:14:49, Speed: 9.84 MB/s, OK: 8, Errors: 0
2017-10-24 16:09:57: Unlocking folder //DAR-DOCKER-04/docker/homeassistant/_gsdata_/lock.gsl
2017-10-24 16:09:57: Unlocking folder //dar-dc-01/Backups/Docker/dar-docker-04/_gsdata_/lock.gsl
2017-10-24 16:09:57: 
